<?xml version="1.0" encoding="UTF-8"?>
<testsuite xmlns:xsi="http://www.w3.org/2001/XMLSchema-instance" xsi:noNamespaceSchemaLocation="https://maven.apache.org/surefire/maven-surefire-plugin/xsd/surefire-test-report.xsd" version="3.0.2" name="homework.RunCucumberTest" time="1.396" tests="3" errors="0" skipped="0" failures="0">
  <properties>
    <property name="java.specification.version" value="24"/>
    <property name="sun.jnu.encoding" value="UTF-8"/>
    <property name="java.class.path" value="/Users/rihardsievins/Documents/Swisscom/TA-homework/homework/target/test-classes:/Users/rihardsievins/Documents/Swisscom/TA-homework/homework/target/classes:/Users/rihardsievins/.m2/repository/io/cucumber/cucumber-java/7.23.0/cucumber-java-7.23.0.jar:/Users/rihardsievins/.m2/repository/io/cucumber/cucumber-core/7.23.0/cucumber-core-7.23.0.jar:/Users/rihardsievins/.m2/repository/io/cucumber/cucumber-gherkin/7.23.0/cucumber-gherkin-7.23.0.jar:/Users/rihardsievins/.m2/repository/io/cucumber/cucumber-gherkin-messages/7.23.0/cucumber-gherkin-messages-7.23.0.jar:/Users/rihardsievins/.m2/repository/io/cucumber/gherkin/32.1.1/gherkin-32.1.1.jar:/Users/rihardsievins/.m2/repository/io/cucumber/messages/27.2.0/messages-27.2.0.jar:/Users/rihardsievins/.m2/repository/io/cucumber/testng-xml-formatter/0.3.1/testng-xml-formatter-0.3.1.jar:/Users/rihardsievins/.m2/repository/io/cucumber/query/13.2.0/query-13.2.0.jar:/Users/rihardsievins/.m2/repository/io/cucumber/tag-expressions/6.1.2/tag-expressions-6.1.2.jar:/Users/rihardsievins/.m2/repository/io/cucumber/cucumber-expressions/18.0.1/cucumber-expressions-18.0.1.jar:/Users/rihardsievins/.m2/repository/io/cucumber/datatable/7.23.0/datatable-7.23.0.jar:/Users/rihardsievins/.m2/repository/io/cucumber/cucumber-plugin/7.23.0/cucumber-plugin-7.23.0.jar:/Users/rihardsievins/.m2/repository/io/cucumber/docstring/7.23.0/docstring-7.23.0.jar:/Users/rihardsievins/.m2/repository/io/cucumber/html-formatter/21.10.1/html-formatter-21.10.1.jar:/Users/rihardsievins/.m2/repository/io/cucumber/junit-xml-formatter/0.7.1/junit-xml-formatter-0.7.1.jar:/Users/rihardsievins/.m2/repository/io/cucumber/ci-environment/10.0.1/ci-environment-10.0.1.jar:/Users/rihardsievins/.m2/repository/org/apiguardian/apiguardian-api/1.1.2/apiguardian-api-1.1.2.jar:/Users/rihardsievins/.m2/repository/io/cucumber/cucumber-junit-platform-engine/7.23.0/cucumber-junit-platform-engine-7.23.0.jar:/Users/rihardsievins/.m2/repository/org/junit/platform/junit-platform-engine/1.12.2/junit-platform-engine-1.12.2.jar:/Users/rihardsievins/.m2/repository/org/opentest4j/opentest4j/1.3.0/opentest4j-1.3.0.jar:/Users/rihardsievins/.m2/repository/org/junit/platform/junit-platform-commons/1.12.2/junit-platform-commons-1.12.2.jar:/Users/rihardsievins/.m2/repository/org/junit/platform/junit-platform-suite/1.12.2/junit-platform-suite-1.12.2.jar:/Users/rihardsievins/.m2/repository/org/junit/platform/junit-platform-suite-api/1.12.2/junit-platform-suite-api-1.12.2.jar:/Users/rihardsievins/.m2/repository/org/junit/platform/junit-platform-suite-engine/1.12.2/junit-platform-suite-engine-1.12.2.jar:/Users/rihardsievins/.m2/repository/org/junit/platform/junit-platform-suite-commons/1.12.2/junit-platform-suite-commons-1.12.2.jar:/Users/rihardsievins/.m2/repository/org/junit/platform/junit-platform-launcher/1.12.2/junit-platform-launcher-1.12.2.jar:/Users/rihardsievins/.m2/repository/org/assertj/assertj-core/3.27.3/assertj-core-3.27.3.jar:/Users/rihardsievins/.m2/repository/net/bytebuddy/byte-buddy/1.15.11/byte-buddy-1.15.11.jar:"/>
    <property name="java.vm.vendor" value="Homebrew"/>
    <property name="sun.arch.data.model" value="64"/>
    <property name="java.vendor.url" value="https://github.com/Homebrew/homebrew-core/issues"/>
    <property name="os.name" value="Mac OS X"/>
    <property name="java.vm.specification.version" value="24"/>
    <property name="sun.java.launcher" value="SUN_STANDARD"/>
    <property name="user.country" value="US"/>
    <property name="sun.boot.library.path" value="/opt/homebrew/Cellar/openjdk/24.0.1/libexec/openjdk.jdk/Contents/Home/lib"/>
    <property name="sun.java.command" value="/Users/rihardsievins/Documents/Swisscom/TA-homework/homework/target/surefire/surefirebooter-20250728002711118_3.jar /Users/rihardsievins/Documents/Swisscom/TA-homework/homework/target/surefire 2025-07-28T00-27-11_043-jvmRun1 surefire-20250728002711118_1tmp surefire_0-20250728002711118_2tmp"/>
    <property name="http.nonProxyHosts" value="local|*.local|169.254/16|*.169.254/16"/>
    <property name="jdk.debug" value="release"/>
    <property name="surefire.test.class.path" value="/Users/rihardsievins/Documents/Swisscom/TA-homework/homework/target/test-classes:/Users/rihardsievins/Documents/Swisscom/TA-homework/homework/target/classes:/Users/rihardsievins/.m2/repository/io/cucumber/cucumber-java/7.23.0/cucumber-java-7.23.0.jar:/Users/rihardsievins/.m2/repository/io/cucumber/cucumber-core/7.23.0/cucumber-core-7.23.0.jar:/Users/rihardsievins/.m2/repository/io/cucumber/cucumber-gherkin/7.23.0/cucumber-gherkin-7.23.0.jar:/Users/rihardsievins/.m2/repository/io/cucumber/cucumber-gherkin-messages/7.23.0/cucumber-gherkin-messages-7.23.0.jar:/Users/rihardsievins/.m2/repository/io/cucumber/gherkin/32.1.1/gherkin-32.1.1.jar:/Users/rihardsievins/.m2/repository/io/cucumber/messages/27.2.0/messages-27.2.0.jar:/Users/rihardsievins/.m2/repository/io/cucumber/testng-xml-formatter/0.3.1/testng-xml-formatter-0.3.1.jar:/Users/rihardsievins/.m2/repository/io/cucumber/query/13.2.0/query-13.2.0.jar:/Users/rihardsievins/.m2/repository/io/cucumber/tag-expressions/6.1.2/tag-expressions-6.1.2.jar:/Users/rihardsievins/.m2/repository/io/cucumber/cucumber-expressions/18.0.1/cucumber-expressions-18.0.1.jar:/Users/rihardsievins/.m2/repository/io/cucumber/datatable/7.23.0/datatable-7.23.0.jar:/Users/rihardsievins/.m2/repository/io/cucumber/cucumber-plugin/7.23.0/cucumber-plugin-7.23.0.jar:/Users/rihardsievins/.m2/repository/io/cucumber/docstring/7.23.0/docstring-7.23.0.jar:/Users/rihardsievins/.m2/repository/io/cucumber/html-formatter/21.10.1/html-formatter-21.10.1.jar:/Users/rihardsievins/.m2/repository/io/cucumber/junit-xml-formatter/0.7.1/junit-xml-formatter-0.7.1.jar:/Users/rihardsievins/.m2/repository/io/cucumber/ci-environment/10.0.1/ci-environment-10.0.1.jar:/Users/rihardsievins/.m2/repository/org/apiguardian/apiguardian-api/1.1.2/apiguardian-api-1.1.2.jar:/Users/rihardsievins/.m2/repository/io/cucumber/cucumber-junit-platform-engine/7.23.0/cucumber-junit-platform-engine-7.23.0.jar:/Users/rihardsievins/.m2/repository/org/junit/platform/junit-platform-engine/1.12.2/junit-platform-engine-1.12.2.jar:/Users/rihardsievins/.m2/repository/org/opentest4j/opentest4j/1.3.0/opentest4j-1.3.0.jar:/Users/rihardsievins/.m2/repository/org/junit/platform/junit-platform-commons/1.12.2/junit-platform-commons-1.12.2.jar:/Users/rihardsievins/.m2/repository/org/junit/platform/junit-platform-suite/1.12.2/junit-platform-suite-1.12.2.jar:/Users/rihardsievins/.m2/repository/org/junit/platform/junit-platform-suite-api/1.12.2/junit-platform-suite-api-1.12.2.jar:/Users/rihardsievins/.m2/repository/org/junit/platform/junit-platform-suite-engine/1.12.2/junit-platform-suite-engine-1.12.2.jar:/Users/rihardsievins/.m2/repository/org/junit/platform/junit-platform-suite-commons/1.12.2/junit-platform-suite-commons-1.12.2.jar:/Users/rihardsievins/.m2/repository/org/junit/platform/junit-platform-launcher/1.12.2/junit-platform-launcher-1.12.2.jar:/Users/rihardsievins/.m2/repository/org/assertj/assertj-core/3.27.3/assertj-core-3.27.3.jar:/Users/rihardsievins/.m2/repository/net/bytebuddy/byte-buddy/1.15.11/byte-buddy-1.15.11.jar:"/>
    <property name="sun.cpu.endian" value="little"/>
    <property name="user.home" value="/Users/rihardsievins"/>
    <property name="user.language" value="en"/>
    <property name="java.specification.vendor" value="Oracle Corporation"/>
    <property name="java.version.date" value="2025-04-15"/>
    <property name="java.home" value="/opt/homebrew/Cellar/openjdk/24.0.1/libexec/openjdk.jdk/Contents/Home"/>
    <property name="file.separator" value="/"/>
    <property name="basedir" value="/Users/rihardsievins/Documents/Swisscom/TA-homework/homework"/>
    <property name="java.vm.compressedOopsMode" value="Zero based"/>
    <property name="line.separator" value="&#10;"/>
    <property name="java.vm.specification.vendor" value="Oracle Corporation"/>
    <property name="java.specification.name" value="Java Platform API Specification"/>
    <property name="apple.awt.application.name" value="ForkedBooter"/>
    <property name="surefire.real.class.path" value="/Users/rihardsievins/Documents/Swisscom/TA-homework/homework/target/surefire/surefirebooter-20250728002711118_3.jar"/>
    <property name="sun.management.compiler" value="HotSpot 64-Bit Tiered Compilers"/>
    <property name="ftp.nonProxyHosts" value="local|*.local|169.254/16|*.169.254/16"/>
    <property name="java.runtime.version" value="24.0.1"/>
    <property name="user.name" value="rihardsievins"/>
    <property name="stdout.encoding" value="UTF-8"/>
    <property name="path.separator" value=":"/>
    <property name="os.version" value="15.5"/>
    <property name="java.runtime.name" value="OpenJDK Runtime Environment"/>
    <property name="file.encoding" value="UTF-8"/>
    <property name="java.vm.name" value="OpenJDK 64-Bit Server VM"/>
    <property name="java.vendor.version" value="Homebrew"/>
    <property name="localRepository" value="/Users/rihardsievins/.m2/repository"/>
    <property name="java.vendor.url.bug" value="https://github.com/Homebrew/homebrew-core/issues"/>
    <property name="java.io.tmpdir" value="/var/folders/bl/2dswl5611cq0b6wztg9k9ytm0000gn/T/"/>
    <property name="java.version" value="24.0.1"/>
    <property name="user.dir" value="/Users/rihardsievins/Documents/Swisscom/TA-homework/homework"/>
    <property name="os.arch" value="aarch64"/>
    <property name="java.vm.specification.name" value="Java Virtual Machine Specification"/>
    <property name="native.encoding" value="UTF-8"/>
    <property name="java.library.path" value="/Users/rihardsievins/Library/Java/Extensions:/Library/Java/Extensions:/Network/Library/Java/Extensions:/System/Library/Java/Extensions:/usr/lib/java:."/>
    <property name="java.vm.info" value="mixed mode, sharing"/>
    <property name="stderr.encoding" value="UTF-8"/>
    <property name="java.vendor" value="Homebrew"/>
    <property name="java.vm.version" value="24.0.1"/>
    <property name="sun.io.unicode.encoding" value="UnicodeBig"/>
    <property name="socksNonProxyHosts" value="local|*.local|169.254/16|*.169.254/16"/>
    <property name="java.class.version" value="68.0"/>
  </properties>
  <testcase name="Public IP is outside forbidden range" classname="Networking tests" time="1.316">
    <system-out><![CDATA[
@ip_check
Scenario: Public IP is outside forbidden range                      &amp#27;[90m# homework/networking.feature:4&amp#27;[0m
  &amp#27;[32mGiven &amp#27;[0m&amp#27;[32mretrieve my public IP&amp#27;[0m                                       &amp#27;[90m# homework.StepDefinitions.i_retrieve_my_public_ip()&amp#27;[0m
  &amp#27;[32mThen &amp#27;[0m&amp#27;[32mit should not be in the range &amp#27;[0m&amp#27;[32m&amp#27;[1m"101.33.28.0"&amp#27;[0m&amp#27;[32m to &amp#27;[0m&amp#27;[32m&amp#27;[1m"101.33.29.0"&amp#27;[0m &amp#27;[90m# homework.StepDefinitions.validate_ip_range(java.lang.String,java.lang.String)&amp#27;[0m
]]></system-out>
  </testcase>
  <testcase name="Resolve domain to expected IP address" classname="Networking tests" time="0.007">
    <system-out><![CDATA[
@dns_check
Scenario: Resolve domain to expected IP address             &amp#27;[90m# homework/networking.feature:9&amp#27;[0m
  &amp#27;[32mGiven &amp#27;[0m&amp#27;[32mresolve the domain &amp#27;[0m&amp#27;[32m&amp#27;[1m"google-public-dns-a.google.com"&amp#27;[0m &amp#27;[90m# homework.StepDefinitions.i_resolve_the_domain(java.lang.String)&amp#27;[0m
  &amp#27;[32mThen &amp#27;[0m&amp#27;[32mthe resolved IP address should be &amp#27;[0m&amp#27;[32m&amp#27;[1m"8.8.8.8"&amp#27;[0m          &amp#27;[90m# homework.StepDefinitions.the_resolved_ip_should_be(java.lang.String)&amp#27;[0m
]]></system-out>
  </testcase>
  <testcase name="Traceroute to 8.8.8.8 should complete within 10 hops" classname="Networking tests" time="0.023">
    <system-out><![CDATA[
@traceroute_check
Scenario: Traceroute to 8.8.8.8 should complete within 10 hops &amp#27;[90m# homework/networking.feature:14&amp#27;[0m
  &amp#27;[32mGiven &amp#27;[0m&amp#27;[32mperform a traceroute to &amp#27;[0m&amp#27;[32m&amp#27;[1m"8.8.8.8"&amp#27;[0m                      &amp#27;[90m# homework.StepDefinitions.i_perform_a_traceroute_to(java.lang.String)&amp#27;[0m
  &amp#27;[32mThen &amp#27;[0m&amp#27;[32mthe target should be reached within &amp#27;[0m&amp#27;[32m&amp#27;[1m10&amp#27;[0m&amp#27;[32m hops&amp#27;[0m             &amp#27;[90m# homework.StepDefinitions.the_target_should_be_reached_within_hops(java.lang.Integer)&amp#27;[0m
]]></system-out>
  </testcase>
</testsuite>